
SQL*Loader: Release 21.0.0.0.0 - Production on Fri Apr 22 14:27:34 2022
Version 21.3.0.0.0

Copyright (c) 1982, 2021, Oracle and/or its affiliates.  All rights reserved.

Control File:   email.ctl
Data File:      email.dat
  Bad File:     email.bad
  Discard File:  none specified
 
 (Allow all discards)

Number to load: ALL
Number to skip: 0
Errors allowed: 50
Bind array:     250 rows, maximum of 1048576 bytes
Continuation:    none specified
Path used:      Conventional

Table EMAILS, loaded from every logical record.
Insert option in effect for this table: INSERT

   Column Name                  Position   Len  Term Encl Datatype
------------------------------ ---------- ----- ---- ---- ---------------------
F1                                  FIRST     *   ,       CHARACTER            
F2                                   NEXT     *   ,       CHARACTER            
F3                                   NEXT     *   ,       CHARACTER            
F4                                   NEXT     *   ,       CHARACTER            
F5                                   NEXT     *   ,       CHARACTER            


Table EMAILS:
  4 Rows successfully loaded.
  0 Rows not loaded due to data errors.
  0 Rows not loaded because all WHEN clauses were failed.
  0 Rows not loaded because all fields were null.


Space allocated for bind array:                 322500 bytes(250 rows)
Read   buffer bytes: 1048576

Total logical records skipped:          0
Total logical records read:             4
Total logical records rejected:         0
Total logical records discarded:        0

Run began on Fri Apr 22 14:27:34 2022
Run ended on Fri Apr 22 14:27:37 2022

Elapsed time was:     00:00:03.17
CPU time was:         00:00:00.19
